<?xml version="1.0" encoding="UTF-8"?>
<testng-results skipped="0" failed="1" ignored="5" total="8" passed="2">
  <reporter-output>
  </reporter-output>
  <suite name="MashreqDigital" duration-ms="94644" started-at="2019-06-26T19:54:58Z" finished-at="2019-06-26T19:56:32Z">
    <groups>
    </groups>
    <test name="NavigationBarValidation" duration-ms="94644" started-at="2019-06-26T19:54:58Z" finished-at="2019-06-26T19:56:32Z">
      <class name="com.mashreq.runner.BaseTest">
        <test-method status="PASS" signature="beforeClass()[pri:0, instance:com.mashreq.runner.BaseTest@343f4d3d]" name="beforeClass" is-config="true" duration-ms="11306" started-at="2019-06-26T19:54:58Z" finished-at="2019-06-26T19:55:09Z">
          <reporter-output>
          </reporter-output>
        </test-method> <!-- beforeClass -->
        <test-method status="PASS" signature="loginValidation()[pri:0, instance:com.mashreq.runner.BaseTest@343f4d3d]" name="loginValidation" duration-ms="43093" started-at="2019-06-26T19:55:09Z" finished-at="2019-06-26T19:55:52Z">
          <reporter-output>
          </reporter-output>
        </test-method> <!-- loginValidation -->
        <test-method status="FAIL" signature="contactLinkCheck()[pri:0, instance:com.mashreq.runner.BaseTest@343f4d3d]" name="contactLinkCheck" duration-ms="12131" started-at="2019-06-26T19:55:53Z" depends-on-methods="com.mashreq.runner.BaseTest.loginValidation" finished-at="2019-06-26T19:56:05Z">
          <exception class="java.lang.AssertionError">
            <message>
              <![CDATA[Contact page is not loaded expected [true] but found [false]]]>
            </message>
            <full-stacktrace>
              <![CDATA[java.lang.AssertionError: Contact page is not loaded expected [true] but found [false]
at org.testng.Assert.fail(Assert.java:96)
at org.testng.Assert.failNotEquals(Assert.java:776)
at org.testng.Assert.assertTrue(Assert.java:44)
at com.mashreq.pages.HomePageLoad.validateContactLink(HomePageLoad.java:63)
at com.mashreq.runner.BaseTest.contactLinkCheck(BaseTest.java:51)
at sun.reflect.NativeMethodAccessorImpl.invoke0(Native Method)
at sun.reflect.NativeMethodAccessorImpl.invoke(Unknown Source)
at sun.reflect.DelegatingMethodAccessorImpl.invoke(Unknown Source)
at java.lang.reflect.Method.invoke(Unknown Source)
at org.testng.internal.MethodInvocationHelper.invokeMethod(MethodInvocationHelper.java:124)
at org.testng.internal.Invoker.invokeMethod(Invoker.java:583)
at org.testng.internal.Invoker.invokeTestMethod(Invoker.java:719)
at org.testng.internal.Invoker.invokeTestMethods(Invoker.java:989)
at org.testng.internal.TestMethodWorker.invokeTestMethods(TestMethodWorker.java:125)
at org.testng.internal.TestMethodWorker.run(TestMethodWorker.java:109)
at org.testng.TestRunner.privateRun(TestRunner.java:648)
at org.testng.TestRunner.run(TestRunner.java:505)
at org.testng.SuiteRunner.runTest(SuiteRunner.java:455)
at org.testng.SuiteRunner.runSequentially(SuiteRunner.java:450)
at org.testng.SuiteRunner.privateRun(SuiteRunner.java:415)
at org.testng.SuiteRunner.run(SuiteRunner.java:364)
at org.testng.SuiteRunnerWorker.runSuite(SuiteRunnerWorker.java:52)
at org.testng.SuiteRunnerWorker.run(SuiteRunnerWorker.java:84)
at org.testng.TestNG.runSuitesSequentially(TestNG.java:1208)
at org.testng.TestNG.runSuitesLocally(TestNG.java:1137)
at org.testng.TestNG.runSuites(TestNG.java:1049)
at org.testng.TestNG.run(TestNG.java:1017)
at org.testng.remote.AbstractRemoteTestNG.run(AbstractRemoteTestNG.java:115)
at org.testng.remote.RemoteTestNG.initAndRun(RemoteTestNG.java:251)
at org.testng.remote.RemoteTestNG.main(RemoteTestNG.java:77)
]]>
            </full-stacktrace>
          </exception> <!-- java.lang.AssertionError -->
          <reporter-output>
          </reporter-output>
        </test-method> <!-- contactLinkCheck -->
        <test-method status="PASS" signature="contactPageErrorMessageValidation()[pri:0, instance:com.mashreq.runner.BaseTest@343f4d3d]" name="contactPageErrorMessageValidation" duration-ms="20899" started-at="2019-06-26T19:56:06Z" depends-on-methods="com.mashreq.runner.BaseTest.loginValidation" finished-at="2019-06-26T19:56:27Z">
          <reporter-output>
          </reporter-output>
        </test-method> <!-- contactPageErrorMessageValidation -->
        <test-method status="PASS" signature="afterClass()[pri:0, instance:com.mashreq.runner.BaseTest@343f4d3d]" name="afterClass" is-config="true" duration-ms="5526" started-at="2019-06-26T19:56:27Z" finished-at="2019-06-26T19:56:32Z">
          <reporter-output>
          </reporter-output>
        </test-method> <!-- afterClass -->
      </class> <!-- com.mashreq.runner.BaseTest -->
    </test> <!-- NavigationBarValidation -->
  </suite> <!-- MashreqDigital -->
</testng-results>
