<?xml version="1.0" encoding="UTF-8"?>
<!-- Generated by org.testng.reporters.JUnitXMLReporter -->
<testsuite hostname="DESKTOP-KEVL5HM" ignored="5" name="NavigationBarValidation" tests="3" failures="1" timestamp="26 Jun 2019 19:56:33 GMT" time="94.644" errors="0">
  <testcase name="loginValidation" time="43.093" classname="com.mashreq.runner.BaseTest"/>
  <testcase name="contactLinkCheck" time="12.131" classname="com.mashreq.runner.BaseTest">
    <failure type="java.lang.AssertionError" message="Contact page is not loaded expected [true] but found [false]">
      <![CDATA[java.lang.AssertionError: Contact page is not loaded expected [true] but found [false]
at com.mashreq.pages.HomePageLoad.validateContactLink(HomePageLoad.java:63)
at com.mashreq.runner.BaseTest.contactLinkCheck(BaseTest.java:51)
... Removed 28 stack frames]]>
    </failure>
  </testcase> <!-- contactLinkCheck -->
  <testcase name="contactPageErrorMessageValidation" time="20.899" classname="com.mashreq.runner.BaseTest"/>
  <testcase name="selectSubProductFieldCheck" time="0.0" classname="com.mashreq.runner.BaseTest">
    <ignored/>
  </testcase> <!-- selectSubProductFieldCheck -->
  <testcase name="navigationMenuCheck" time="0.0" classname="com.mashreq.runner.BaseTest">
    <ignored/>
  </testcase> <!-- navigationMenuCheck -->
  <testcase name="subProductFieldwithValueCheck" time="0.0" classname="com.mashreq.runner.BaseTest">
    <ignored/>
  </testcase> <!-- subProductFieldwithValueCheck -->
  <testcase name="mobbileNumberCheck" time="0.0" classname="com.mashreq.runner.BaseTest">
    <ignored/>
  </testcase> <!-- mobbileNumberCheck -->
  <testcase name="mashreqNewsDisplayCheck" time="0.0" classname="com.mashreq.runner.BaseTest">
    <ignored/>
  </testcase> <!-- mashreqNewsDisplayCheck -->
</testsuite> <!-- NavigationBarValidation -->
